<?xml version="1.0" encoding="UTF-8"?>
<robot generator="Robot 7.0.1 (Python 3.11.1 on win32)" generated="2024-07-29T17:18:44.970277" rpa="false" schemaversion="5">
<suite id="s1" name="International Tour Inquiry" source="c:\Projects\FlyToday-UITest\FlyToDay\Test\international tour inquiry.robot">
<test id="s1-t1" name="tour reservation request" line="22">
<kw name="Open Login Page Using Chrome Browser Satge" owner="resources" type="SETUP">
<kw name="Evaluate" owner="BuiltIn">
<msg time="2024-07-29T17:18:45.154952" level="INFO">${chrome_options} = &lt;selenium.webdriver.chrome.options.Options object at 0x000002551B380790&gt;</msg>
<var>${chrome_options}</var>
<arg>sys.modules['selenium.webdriver'].ChromeOptions()</arg>
<arg>sys, selenium.webdriver</arg>
<doc>Evaluates the given expression in Python and returns the result.</doc>
<status status="PASS" start="2024-07-29T17:18:45.154952" elapsed="0.003165"/>
</kw>
<kw name="Call Method" owner="BuiltIn">
<arg>${chrome_options}</arg>
<arg>add_argument</arg>
<arg>--disable-notifications</arg>
<doc>Calls the named method of the given object with the provided arguments.</doc>
<status status="PASS" start="2024-07-29T17:18:45.158117" elapsed="0.000000"/>
</kw>
<kw name="Call Method" owner="BuiltIn">
<arg>${chrome_options}</arg>
<arg>add_argument</arg>
<arg>--disable-cache</arg>
<doc>Calls the named method of the given object with the provided arguments.</doc>
<status status="PASS" start="2024-07-29T17:18:45.159123" elapsed="0.000000"/>
</kw>
<kw name="Open Browser" owner="SeleniumLibrary">
<msg time="2024-07-29T17:18:45.160117" level="INFO">Opening browser 'chrome' to base url 'https://stage.flytoday.ir/'.</msg>
<arg>${UrlApp1}</arg>
<arg>chrome</arg>
<arg>options=${chrome_options}</arg>
<doc>Opens a new browser instance to the optional ``url``.</doc>
<status status="PASS" start="2024-07-29T17:18:45.159123" elapsed="3.482546"/>
</kw>
<kw name="Maximize Browser Window" owner="SeleniumLibrary">
<doc>Maximizes current browser window.</doc>
<status status="PASS" start="2024-07-29T17:18:48.642594" elapsed="0.069118"/>
</kw>
<status status="PASS" start="2024-07-29T17:18:45.153954" elapsed="3.557758"/>
</kw>
<kw name="Given Login User" owner="Login_Step">
<kw name="Click Login Button" owner="Login_page">
<kw name="Click Element" owner="SeleniumLibrary">
<msg time="2024-07-29T17:18:48.714713" level="INFO">Clicking element 'xpath://span[.='ورود']'.</msg>
<arg>${Login_Btn}</arg>
<doc>Click the element identified by ``locator``.</doc>
<status status="PASS" start="2024-07-29T17:18:48.713714" elapsed="0.107506"/>
</kw>
<status status="PASS" start="2024-07-29T17:18:48.713714" elapsed="0.107506"/>
</kw>
<kw name="Input Username" owner="Login_page">
<kw name="Wait Until Element Is Visible" owner="SeleniumLibrary">
<arg>${Username_Field}</arg>
<doc>Waits until the element ``locator`` is visible.</doc>
<status status="PASS" start="2024-07-29T17:18:48.822222" elapsed="0.295198"/>
</kw>
<kw name="Input Text" owner="SeleniumLibrary">
<msg time="2024-07-29T17:18:49.118410" level="INFO">Typing text '09382121662' into text field 'emailOrMobile'.</msg>
<arg>${Username_Field}</arg>
<arg>${username}</arg>
<doc>Types the given ``text`` into the text field identified by ``locator``.</doc>
<status status="PASS" start="2024-07-29T17:18:49.117420" elapsed="0.131427"/>
</kw>
<kw name="Click Element" owner="SeleniumLibrary">
<msg time="2024-07-29T17:18:49.248847" level="INFO">Clicking element 'css:.authentication_btnAuth__WVPok'.</msg>
<arg>${Next_Button}</arg>
<doc>Click the element identified by ``locator``.</doc>
<status status="PASS" start="2024-07-29T17:18:49.248847" elapsed="0.072496"/>
</kw>
<arg>${username}</arg>
<status status="PASS" start="2024-07-29T17:18:48.821220" elapsed="0.500123"/>
</kw>
<kw name="Input Password" owner="Login_page">
<kw name="Wait Until Element Is Visible" owner="SeleniumLibrary">
<arg>${Password_Field}</arg>
<arg>timeout=10</arg>
<doc>Waits until the element ``locator`` is visible.</doc>
<status status="PASS" start="2024-07-29T17:18:49.322382" elapsed="0.275784"/>
</kw>
<kw name="Input Text" owner="SeleniumLibrary">
<msg time="2024-07-29T17:18:49.599167" level="INFO">Typing text 'Aa123456' into text field 'pass'.</msg>
<arg>${Password_Field}</arg>
<arg>${password}</arg>
<doc>Types the given ``text`` into the text field identified by ``locator``.</doc>
<status status="PASS" start="2024-07-29T17:18:49.599167" elapsed="0.131435"/>
</kw>
<arg>${password}</arg>
<status status="PASS" start="2024-07-29T17:18:49.321343" elapsed="0.409259"/>
</kw>
<kw name="Submit Credentials" owner="Login_page">
<kw name="Click Element" owner="SeleniumLibrary">
<msg time="2024-07-29T17:18:49.730602" level="INFO">Clicking element 'css:[data-test='login-btn']'.</msg>
<arg>${Submit_Button}</arg>
<doc>Click the element identified by ``locator``.</doc>
<status status="PASS" start="2024-07-29T17:18:49.730602" elapsed="0.067792"/>
</kw>
<kw name="Sleep" owner="BuiltIn">
<msg time="2024-07-29T17:18:52.799677" level="INFO">Slept 3 seconds.</msg>
<arg>3</arg>
<doc>Pauses the test executed for the given time.</doc>
<status status="PASS" start="2024-07-29T17:18:49.799376" elapsed="3.000843"/>
</kw>
<status status="PASS" start="2024-07-29T17:18:49.730602" elapsed="3.069617"/>
</kw>
<arg>${Username}</arg>
<arg>${password1}</arg>
<status status="PASS" start="2024-07-29T17:18:48.712712" elapsed="4.087507"/>
</kw>
<kw name="when select tour" owner="Tour_page">
<kw name="Run Keyword And Return Status" owner="BuiltIn">
<kw name="Wait Until Element Is Visible" owner="SeleniumLibrary">
<arg>${more_icon}</arg>
<arg>timeout=5s</arg>
<doc>Waits until the element ``locator`` is visible.</doc>
<status status="PASS" start="2024-07-29T17:18:52.802544" elapsed="0.078784"/>
</kw>
<msg time="2024-07-29T17:18:52.881328" level="INFO">${more_icon_found} = True</msg>
<var>${more_icon_found}</var>
<arg>Wait Until Element Is Visible</arg>
<arg>${more_icon}</arg>
<arg>timeout=5s</arg>
<doc>Runs the given keyword with given arguments and returns the status as a Boolean value.</doc>
<status status="PASS" start="2024-07-29T17:18:52.801275" elapsed="0.080053"/>
</kw>
<kw name="Run Keyword If" owner="BuiltIn">
<kw name="Click Element" owner="SeleniumLibrary">
<msg time="2024-07-29T17:18:52.882377" level="INFO">Clicking element '//span[.='بیشتر']'.</msg>
<arg>${more_icon}</arg>
<doc>Click the element identified by ``locator``.</doc>
<status status="PASS" start="2024-07-29T17:18:52.882377" elapsed="0.064635"/>
</kw>
<arg>${more_icon_found}</arg>
<arg>Click Element</arg>
<arg>${more_icon}</arg>
<doc>Runs the given keyword with the given arguments, if ``condition`` is true.</doc>
<status status="PASS" start="2024-07-29T17:18:52.881328" elapsed="0.065684"/>
</kw>
<kw name="Run Keyword Unless" owner="BuiltIn">
<msg time="2024-07-29T17:18:52.947012" level="WARN">Keyword 'BuiltIn.Run Keyword Unless' is deprecated. </msg>
<arg>${more_icon_found}</arg>
<arg>Click Element</arg>
<arg>${tour_icon_mobile}</arg>
<doc>*DEPRECATED since RF 5.0. Use Native IF/ELSE or `Run Keyword If` instead.*</doc>
<status status="PASS" start="2024-07-29T17:18:52.947012" elapsed="0.000966"/>
</kw>
<kw name="Sleep" owner="BuiltIn">
<msg time="2024-07-29T17:18:54.949803" level="INFO">Slept 2 seconds.</msg>
<arg>2</arg>
<doc>Pauses the test executed for the given time.</doc>
<status status="PASS" start="2024-07-29T17:18:52.949315" elapsed="2.000800"/>
</kw>
<kw name="Run Keyword And Return Status" owner="BuiltIn">
<kw name="Wait Until Element Is Visible" owner="SeleniumLibrary">
<arg>${tour_icon}</arg>
<arg>timeout=5s</arg>
<doc>Waits until the element ``locator`` is visible.</doc>
<status status="PASS" start="2024-07-29T17:18:54.950115" elapsed="0.050575"/>
</kw>
<msg time="2024-07-29T17:18:55.001690" level="INFO">${tour_icon_found} = True</msg>
<var>${tour_icon_found}</var>
<arg>Wait Until Element Is Visible</arg>
<arg>${tour_icon}</arg>
<arg>timeout=5s</arg>
<doc>Runs the given keyword with given arguments and returns the status as a Boolean value.</doc>
<status status="PASS" start="2024-07-29T17:18:54.950115" elapsed="0.051575"/>
</kw>
<kw name="Run Keyword If" owner="BuiltIn">
<kw name="Click Element" owner="SeleniumLibrary">
<msg time="2024-07-29T17:18:55.001849" level="INFO">Clicking element '//div[.='تور']'.</msg>
<arg>${tour_icon}</arg>
<doc>Click the element identified by ``locator``.</doc>
<status status="PASS" start="2024-07-29T17:18:55.001849" elapsed="0.073002"/>
</kw>
<arg>${tour_icon_found}</arg>
<arg>Click Element</arg>
<arg>${tour_icon}</arg>
<doc>Runs the given keyword with the given arguments, if ``condition`` is true.</doc>
<status status="PASS" start="2024-07-29T17:18:55.001849" elapsed="0.073002"/>
</kw>
<kw name="Sleep" owner="BuiltIn">
<msg time="2024-07-29T17:18:57.075314" level="INFO">Slept 2 seconds.</msg>
<arg>2</arg>
<doc>Pauses the test executed for the given time.</doc>
<status status="PASS" start="2024-07-29T17:18:55.074851" elapsed="2.000463"/>
</kw>
<kw name="Wait Until Element Is Visible" owner="SeleniumLibrary">
<arg>${Tour_name}</arg>
<doc>Waits until the element ``locator`` is visible.</doc>
<status status="PASS" start="2024-07-29T17:18:57.075314" elapsed="0.059810"/>
</kw>
<kw name="Scroll Element Into View" owner="SeleniumLibrary">
<arg>${Tour_name}</arg>
<doc>Scrolls the element identified by ``locator`` into view.</doc>
<status status="PASS" start="2024-07-29T17:18:57.135124" elapsed="0.299878"/>
</kw>
<kw name="Click Element" owner="SeleniumLibrary">
<msg time="2024-07-29T17:18:57.436004" level="INFO">Clicking element 'css:[alt='تور آنتالیا']'.</msg>
<arg>${Tour_name}</arg>
<doc>Click the element identified by ``locator``.</doc>
<status status="PASS" start="2024-07-29T17:18:57.436004" elapsed="0.065688"/>
</kw>
<kw name="Sleep" owner="BuiltIn">
<msg time="2024-07-29T17:18:59.502040" level="INFO">Slept 2 seconds.</msg>
<arg>2</arg>
<doc>Pauses the test executed for the given time.</doc>
<status status="PASS" start="2024-07-29T17:18:57.501692" elapsed="2.000348"/>
</kw>
<kw name="Scroll Element Into View" owner="SeleniumLibrary">
<arg>${first_tour}</arg>
<doc>Scrolls the element identified by ``locator`` into view.</doc>
<status status="PASS" start="2024-07-29T17:18:59.502040" elapsed="0.305410"/>
</kw>
<kw name="Wait Until Element Is Visible" owner="SeleniumLibrary">
<arg>${first_tour}</arg>
<doc>Waits until the element ``locator`` is visible.</doc>
<status status="PASS" start="2024-07-29T17:18:59.807450" elapsed="0.049217"/>
</kw>
<kw name="Click Element" owner="SeleniumLibrary">
<msg time="2024-07-29T17:18:59.857851" level="INFO">Clicking element '(//div[@class='col-12 px-12 col-md-6 col-lg-4 justify-content-center position-relative tour-itinerary_cardContainer__30Jek'])[1]'.</msg>
<arg>${first_tour}</arg>
<doc>Click the element identified by ``locator``.</doc>
<status status="PASS" start="2024-07-29T17:18:59.857851" elapsed="0.066384"/>
</kw>
<kw name="Sleep" owner="BuiltIn">
<msg time="2024-07-29T17:19:01.924722" level="INFO">Slept 2 seconds.</msg>
<arg>2</arg>
<doc>Pauses the test executed for the given time.</doc>
<status status="PASS" start="2024-07-29T17:18:59.924235" elapsed="2.000487"/>
</kw>
<arg>${Tour_name}</arg>
<status status="PASS" start="2024-07-29T17:18:52.801275" elapsed="9.123447"/>
</kw>
<kw name="When Enter Passnger info" owner="Tour_page">
<kw name="Scroll Element Into View" owner="SeleniumLibrary">
<arg>${registration icon}</arg>
<doc>Scrolls the element identified by ``locator`` into view.</doc>
<status status="PASS" start="2024-07-29T17:19:01.925905" elapsed="0.319512"/>
</kw>
<kw name="Execute Javascript" owner="SeleniumLibrary">
<msg time="2024-07-29T17:19:02.246490" level="INFO">Executing JavaScript:
window.scrollBy(0, 100);
Without any arguments.</msg>
<arg>window.scrollBy(0, 100);</arg>
<doc>Executes the given JavaScript code with possible arguments.</doc>
<status status="PASS" start="2024-07-29T17:19:02.245417" elapsed="0.020826"/>
</kw>
<kw name="Wait Until Element Is Visible" owner="SeleniumLibrary">
<arg>${TOUR_DATE_SPAN}</arg>
<arg>timeout=10</arg>
<doc>Waits until the element ``locator`` is visible.</doc>
<status status="PASS" start="2024-07-29T17:19:02.266243" elapsed="0.059667"/>
</kw>
<kw name="Click Element" owner="SeleniumLibrary">
<msg time="2024-07-29T17:19:02.326912" level="INFO">Clicking element '//span[.='انتخاب تاریخ تور']'.</msg>
<arg>${TOUR_DATE_SPAN}</arg>
<doc>Click the element identified by ``locator``.</doc>
<status status="PASS" start="2024-07-29T17:19:02.326912" elapsed="0.093985"/>
</kw>
<kw name="Wait Until Element Is Visible" owner="SeleniumLibrary">
<arg>${TOUR_DATE_OPTION}</arg>
<doc>Waits until the element ``locator`` is visible.</doc>
<status status="PASS" start="2024-07-29T17:19:02.420897" elapsed="0.307651"/>
</kw>
<kw name="Scroll Element Into View" owner="SeleniumLibrary">
<arg>${TOUR_DATE_OPTION}</arg>
<doc>Scrolls the element identified by ``locator`` into view.</doc>
<status status="PASS" start="2024-07-29T17:19:02.729710" elapsed="0.298580"/>
</kw>
<kw name="Click Element" owner="SeleniumLibrary">
<msg time="2024-07-29T17:19:03.028290" level="INFO">Clicking element '(//div[@class='option_selectOption__T1yUy'])[1]'.</msg>
<arg>${TOUR_DATE_OPTION}</arg>
<doc>Click the element identified by ``locator``.</doc>
<status status="PASS" start="2024-07-29T17:19:03.028290" elapsed="0.067464"/>
</kw>
<kw name="Sleep" owner="BuiltIn">
<msg time="2024-07-29T17:19:05.096286" level="INFO">Slept 2 seconds.</msg>
<arg>2</arg>
<doc>Pauses the test executed for the given time.</doc>
<status status="PASS" start="2024-07-29T17:19:03.095754" elapsed="2.000532"/>
</kw>
<kw name="Wait Until Element Is Visible" owner="SeleniumLibrary">
<arg>${name_field}</arg>
<doc>Waits until the element ``locator`` is visible.</doc>
<status status="PASS" start="2024-07-29T17:19:05.096286" elapsed="0.056946"/>
</kw>
<kw name="Input Text" owner="SeleniumLibrary">
<msg time="2024-07-29T17:19:05.153232" level="INFO">Typing text 'تستی' into text field '//input[@name='fullName']'.</msg>
<arg>${full_name_input}</arg>
<arg>تستی</arg>
<doc>Types the given ``text`` into the text field identified by ``locator``.</doc>
<status status="PASS" start="2024-07-29T17:19:05.153232" elapsed="0.130540"/>
</kw>
<status status="PASS" start="2024-07-29T17:19:01.925905" elapsed="3.358873"/>
</kw>
<kw name="Then Finalization of the tour inquiry by the agency" owner="Tour_page">
<kw name="Click Element" owner="SeleniumLibrary">
<msg time="2024-07-29T17:19:05.285864" level="INFO">Clicking element '//button[@class="tw-mt-0 button_primaryBtn__dJOjt"]'.</msg>
<arg>${registration icon}</arg>
<doc>Click the element identified by ``locator``.</doc>
<status status="PASS" start="2024-07-29T17:19:05.285864" elapsed="0.073257"/>
</kw>
<kw name="Wait Until Element Is Visible" owner="SeleniumLibrary">
<arg>${I_realized_bytoon}</arg>
<doc>Waits until the element ``locator`` is visible.</doc>
<status status="PASS" start="2024-07-29T17:19:05.360099" elapsed="0.271510"/>
</kw>
<kw name="Click Element" owner="SeleniumLibrary">
<msg time="2024-07-29T17:19:05.632630" level="INFO">Clicking element '//button[@class="w-100 fs-7 button_primaryBtn__dJOjt"]'.</msg>
<arg>${I_realized_bytoon}</arg>
<doc>Click the element identified by ``locator``.</doc>
<status status="PASS" start="2024-07-29T17:19:05.631609" elapsed="0.061444"/>
</kw>
<status status="PASS" start="2024-07-29T17:19:05.284862" elapsed="0.408191"/>
</kw>
<kw name="Close Chrome Browser" owner="resources" type="TEARDOWN">
<kw name="Close All Browsers" owner="SeleniumLibrary">
<doc>Closes all open browsers and resets the browser cache.</doc>
<status status="PASS" start="2024-07-29T17:19:05.694008" elapsed="6.331186"/>
</kw>
<kw name="Sleep" owner="BuiltIn">
<msg time="2024-07-29T17:19:13.025674" level="INFO">Slept 1 second.</msg>
<arg>1</arg>
<doc>Pauses the test executed for the given time.</doc>
<status status="PASS" start="2024-07-29T17:19:12.025194" elapsed="1.000480"/>
</kw>
<status status="PASS" start="2024-07-29T17:19:05.694008" elapsed="7.331666"/>
</kw>
<status status="PASS" start="2024-07-29T17:18:45.152951" elapsed="27.873781"/>
</test>
<doc>خرید انواع تور</doc>
<status status="PASS" start="2024-07-29T17:18:44.975276" elapsed="28.052476"/>
</suite>
<statistics>
<total>
<stat pass="1" fail="0" skip="0">All Tests</stat>
</total>
<tag>
</tag>
<suite>
<stat pass="1" fail="0" skip="0" id="s1" name="International Tour Inquiry">International Tour Inquiry</stat>
</suite>
</statistics>
<errors>
<msg time="2024-07-29T17:18:52.947012" level="WARN">Keyword 'BuiltIn.Run Keyword Unless' is deprecated. </msg>
</errors>
</robot>
