<?xml version="1.0" encoding="UTF-8"?>
<robot generator="Robot 7.0.1 (Python 3.12.2 on win32)" generated="2024-07-27T15:53:31.124160" rpa="false" schemaversion="5">
<suite id="s1" name="RobotFramework" source="C:\Users\h.faraji\Desktop\picture\RobotFramework">
<suite id="s1-s1" name="Tests" source="C:\Users\h.faraji\Desktop\picture\RobotFramework\Tests">
<suite id="s1-s1-s1" name="Main" source="C:\Users\h.faraji\Desktop\picture\RobotFramework\Tests\main.robot">
<test id="s1-s1-s1-t1" name="Login mobile user" line="31">
<kw name="Given open browser Chrome">
<kw name="Open Browser" owner="SeleniumLibrary">
<msg time="2024-07-27T15:53:31.262264" level="INFO">Opening browser 'Chrome' to base url 'https://www.flytoday.ir/'.</msg>
<arg>https://www.flytoday.ir/</arg>
<arg>Chrome</arg>
<doc>Opens a new browser instance to the optional ``url``.</doc>
<status status="PASS" start="2024-07-27T15:53:31.262264" elapsed="3.830465"/>
</kw>
<kw name="Maximize Browser Window" owner="SeleniumLibrary">
<doc>Maximizes current browser window.</doc>
<status status="PASS" start="2024-07-27T15:53:35.093141" elapsed="0.144084"/>
</kw>
<kw name="Sleep" owner="BuiltIn">
<msg time="2024-07-27T15:53:42.237530" level="INFO">Slept 7 seconds.</msg>
<arg>7</arg>
<doc>Pauses the test executed for the given time.</doc>
<status status="PASS" start="2024-07-27T15:53:35.237225" elapsed="7.000818"/>
</kw>
<status status="PASS" start="2024-07-27T15:53:31.262264" elapsed="10.975779"/>
</kw>
<kw name="Given Login mobile">
<kw name="Wait Until Element Is Visible" owner="SeleniumLibrary">
<arg>${Login_Button}</arg>
<doc>Waits until the element ``locator`` is visible.</doc>
<status status="PASS" start="2024-07-27T15:53:42.241043" elapsed="0.068710"/>
</kw>
<kw name="Click Element" owner="SeleniumLibrary">
<msg time="2024-07-27T15:53:42.310746" level="INFO">Clicking element '//*[@id="back-to-top-anchor"]/header/div/div[2]/button/div[2]/span[1]'.</msg>
<arg>${Login_Button}</arg>
<doc>Click the element identified by ``locator``.</doc>
<status status="PASS" start="2024-07-27T15:53:42.310746" elapsed="0.085261"/>
</kw>
<kw name="Wait Until Element Is Visible" owner="SeleniumLibrary">
<arg>${username_Filed}</arg>
<doc>Waits until the element ``locator`` is visible.</doc>
<status status="PASS" start="2024-07-27T15:53:42.396007" elapsed="0.496820"/>
</kw>
<kw name="Input Text" owner="SeleniumLibrary">
<msg time="2024-07-27T15:53:42.892827" level="INFO">Typing text '09127988405' into text field 'emailOrMobile'.</msg>
<arg>${username_Filed}</arg>
<arg>${Username}</arg>
<doc>Types the given ``text`` into the text field identified by ``locator``.</doc>
<status status="PASS" start="2024-07-27T15:53:42.892827" elapsed="0.150938"/>
</kw>
<kw name="Sleep" owner="BuiltIn">
<msg time="2024-07-27T15:53:44.044657" level="INFO">Slept 1 second.</msg>
<arg>1</arg>
<doc>Pauses the test executed for the given time.</doc>
<status status="PASS" start="2024-07-27T15:53:43.043765" elapsed="1.000892"/>
</kw>
<kw name="Click Element" owner="SeleniumLibrary">
<msg time="2024-07-27T15:53:44.046676" level="INFO">Clicking element '//button[contains(text(),'ادامه')]'.</msg>
<arg>//button[contains(text(),'ادامه')]</arg>
<doc>Click the element identified by ``locator``.</doc>
<status status="PASS" start="2024-07-27T15:53:44.045680" elapsed="0.080952"/>
</kw>
<arg>${Username}</arg>
<status status="PASS" start="2024-07-27T15:53:42.240060" elapsed="1.886572"/>
</kw>
<kw name="Sleep" owner="BuiltIn">
<msg time="2024-07-27T15:53:49.126953" level="INFO">Slept 5 seconds.</msg>
<arg>5</arg>
<doc>Pauses the test executed for the given time.</doc>
<status status="PASS" start="2024-07-27T15:53:44.126632" elapsed="5.000321"/>
</kw>
<kw name="Close All Browsers" owner="SeleniumLibrary">
<doc>Closes all open browsers and resets the browser cache.</doc>
<status status="PASS" start="2024-07-27T15:53:49.126953" elapsed="6.281985"/>
</kw>
<status status="PASS" start="2024-07-27T15:53:31.262264" elapsed="24.146674"/>
</test>
<doc>this is my first testcase</doc>
<status status="PASS" start="2024-07-27T15:53:31.143046" elapsed="24.265892"/>
</suite>
<status status="PASS" start="2024-07-27T15:53:31.140048" elapsed="24.268890"/>
</suite>
<status status="PASS" start="2024-07-27T15:53:31.127009" elapsed="24.281929"/>
</suite>
<statistics>
<total>
<stat pass="1" fail="0" skip="0">All Tests</stat>
</total>
<tag>
</tag>
<suite>
<stat pass="1" fail="0" skip="0" id="s1" name="RobotFramework">RobotFramework</stat>
<stat pass="1" fail="0" skip="0" id="s1-s1" name="Tests">RobotFramework.Tests</stat>
<stat pass="1" fail="0" skip="0" id="s1-s1-s1" name="Main">RobotFramework.Tests.Main</stat>
</suite>
</statistics>
<errors>
</errors>
</robot>
