<?xml version="1.0" encoding="UTF-8"?>
<robot generator="Robot 7.0.1 (Python 3.12.2 on win32)" generated="2024-07-14T16:24:53.159765" rpa="false" schemaversion="5">
<suite id="s1" name="RobotFramework" source="C:\Users\h.faraji\Desktop\picture\RobotFramework">
<suite id="s1-s1" name="Tests" source="C:\Users\h.faraji\Desktop\picture\RobotFramework\Tests">
<suite id="s1-s1-s1" name="Main" source="C:\Users\h.faraji\Desktop\picture\RobotFramework\Tests\main.robot">
<test id="s1-s1-s1-t1" name="TEST" line="10">
<kw name="Log" owner="BuiltIn">
<msg time="2024-07-14T16:24:53.230519" level="INFO">this is a sample testcase</msg>
<arg>this is a sample testcase</arg>
<doc>Logs the given message with the given level.</doc>
<status status="PASS" start="2024-07-14T16:24:53.230519" elapsed="0.000889"/>
</kw>
<status status="PASS" start="2024-07-14T16:24:53.218118" elapsed="0.013709"/>
</test>
<doc>this is my first testcase</doc>
<status status="PASS" start="2024-07-14T16:24:53.217106" elapsed="0.015726"/>
</suite>
<status status="PASS" start="2024-07-14T16:24:53.204383" elapsed="0.030446"/>
</suite>
<status status="PASS" start="2024-07-14T16:24:53.171891" elapsed="0.065299"/>
</suite>
<statistics>
<total>
<stat pass="1" fail="0" skip="0">All Tests</stat>
</total>
<tag>
</tag>
<suite>
<stat pass="1" fail="0" skip="0" id="s1" name="RobotFramework">RobotFramework</stat>
<stat pass="1" fail="0" skip="0" id="s1-s1" name="Tests">RobotFramework.Tests</stat>
<stat pass="1" fail="0" skip="0" id="s1-s1-s1" name="Main">RobotFramework.Tests.Main</stat>
</suite>
</statistics>
<errors>
</errors>
</robot>
