<?xml version="1.0" encoding="UTF-8"?>
<robot generator="Robot 7.0.1 (Python 3.12.4 on win32)" generated="2024-07-17T17:38:50.145506" rpa="false" schemaversion="5">
<suite id="s1" name="Fly" source="C:\Users\a.sazegar\Desktop\Fly">
<suite id="s1-s1" name="FlyToDay" source="C:\Users\a.sazegar\Desktop\Fly\FlyToDay">
<suite id="s1-s1-s1" name="Test" source="C:\Users\a.sazegar\Desktop\Fly\FlyToDay\Test">
<suite id="s1-s1-s1-s1" name="Test" source="C:\Users\a.sazegar\Desktop\Fly\FlyToDay\Test\test.robot">
<test id="s1-s1-s1-s1-t1" name="tesexxz zxzxzx" line="28">
<kw name="Evaluate" owner="BuiltIn">
<msg time="2024-07-17T17:38:50.369343" level="INFO">${chrome_options} = &lt;selenium.webdriver.chrome.options.Options object at 0x000001BC59ABD190&gt;</msg>
<var>${chrome_options}</var>
<arg>sys.modules['selenium.webdriver'].ChromeOptions()</arg>
<arg>sys, selenium.webdriver</arg>
<doc>Evaluates the given expression in Python and returns the result.</doc>
<status status="PASS" start="2024-07-17T17:38:50.369343" elapsed="0.000000"/>
</kw>
<kw name="Call Method" owner="BuiltIn">
<arg>${chrome_options}</arg>
<arg>add_argument</arg>
<arg>--disable-notifications</arg>
<doc>Calls the named method of the given object with the provided arguments.</doc>
<status status="PASS" start="2024-07-17T17:38:50.369343" elapsed="0.000000"/>
</kw>
<kw name="Call Method" owner="BuiltIn">
<arg>${chrome_options}</arg>
<arg>add_argument</arg>
<arg>--disable-cache</arg>
<doc>Calls the named method of the given object with the provided arguments.</doc>
<status status="PASS" start="2024-07-17T17:38:50.369343" elapsed="0.000000"/>
</kw>
<kw name="Open Browser" owner="SeleniumLibrary">
<msg time="2024-07-17T17:38:50.369343" level="INFO">Opening browser 'chrome' to base url 'https://production.flytoday.ir/'.</msg>
<arg>https://production.flytoday.ir/</arg>
<arg>chrome</arg>
<arg>options=${chrome_options}</arg>
<doc>Opens a new browser instance to the optional ``url``.</doc>
<status status="PASS" start="2024-07-17T17:38:50.369343" elapsed="6.900926"/>
</kw>
<kw name="Sleep" owner="BuiltIn">
<arg>5</arg>
<doc>Pauses the test executed for the given time.</doc>
<status status="FAIL" start="2024-07-17T17:38:57.271696" elapsed="1.825794">Execution terminated by signal</status>
</kw>
<kw name="Click Element" owner="SeleniumLibrary">
<arg>//button[@class="nav_navButtonLeftSecond__PeZHr "]</arg>
<doc>Click the element identified by ``locator``.</doc>
<status status="NOT RUN" start="2024-07-17T17:38:59.098085" elapsed="0.000000"/>
</kw>
<kw name="Wait Until Element Is Visible" owner="SeleniumLibrary">
<arg>//input[@name="emailOrMobile"]</arg>
<doc>Waits until the element ``locator`` is visible.</doc>
<status status="NOT RUN" start="2024-07-17T17:38:59.098085" elapsed="0.000000"/>
</kw>
<kw name="Input Text" owner="SeleniumLibrary">
<arg>//input[@name="emailOrMobile"]</arg>
<arg>09127988405</arg>
<doc>Types the given ``text`` into the text field identified by ``locator``.</doc>
<status status="NOT RUN" start="2024-07-17T17:38:59.098085" elapsed="0.000000"/>
</kw>
<kw name="Click Element" owner="SeleniumLibrary">
<arg>//button[@class="authentication_btnAuth__WVPok button_primaryBtn__dJOjt"]</arg>
<doc>Click the element identified by ``locator``.</doc>
<status status="NOT RUN" start="2024-07-17T17:38:59.098085" elapsed="0.000000"/>
</kw>
<kw name="Click Element" owner="SeleniumLibrary">
<arg>css:.authentication_btnAuth__WVPok</arg>
<doc>Click the element identified by ``locator``.</doc>
<status status="NOT RUN" start="2024-07-17T17:38:59.098085" elapsed="0.000000"/>
</kw>
<kw name="Wait Until Element Is Visible" owner="SeleniumLibrary">
<arg>//input[@name="pass"]</arg>
<doc>Waits until the element ``locator`` is visible.</doc>
<status status="NOT RUN" start="2024-07-17T17:38:59.098085" elapsed="0.000000"/>
</kw>
<kw name="Input Text" owner="SeleniumLibrary">
<arg>//input[@name="pass"]</arg>
<arg>123456Aa</arg>
<doc>Types the given ``text`` into the text field identified by ``locator``.</doc>
<status status="NOT RUN" start="2024-07-17T17:38:59.098085" elapsed="0.000000"/>
</kw>
<kw name="Click Element" owner="SeleniumLibrary">
<arg>//button[@class="authentication_btnAuth__WVPok button_primaryBtn__dJOjt"]</arg>
<doc>Click the element identified by ``locator``.</doc>
<status status="NOT RUN" start="2024-07-17T17:38:59.098085" elapsed="0.000000"/>
</kw>
<kw name="Sleep" owner="BuiltIn">
<arg>5</arg>
<doc>Pauses the test executed for the given time.</doc>
<status status="NOT RUN" start="2024-07-17T17:38:59.098085" elapsed="0.000000"/>
</kw>
<kw name="Run Keyword And Return Status" owner="BuiltIn">
<var>${element_found}</var>
<arg>Element Should Be Visible</arg>
<arg>//h2[.='درخواست ویزای توریستی']</arg>
<doc>Runs the given keyword with given arguments and returns the status as a Boolean value.</doc>
<status status="NOT RUN" start="2024-07-17T17:38:59.098085" elapsed="0.000000"/>
</kw>
<kw name="Run Keyword If" owner="BuiltIn">
<arg>${element_found}</arg>
<arg>Click Element</arg>
<arg>//h2[.='درخواست ویزای توریستی']</arg>
<arg>ELSE</arg>
<arg>Click Element</arg>
<arg>//h2[.='گزارش سالانه فلای‌تودی 1402']</arg>
<doc>Runs the given keyword with the given arguments, if ``condition`` is true.</doc>
<status status="NOT RUN" start="2024-07-17T17:38:59.098085" elapsed="0.000000"/>
</kw>
<kw name="Sleep" owner="BuiltIn">
<arg>10</arg>
<doc>Pauses the test executed for the given time.</doc>
<status status="NOT RUN" start="2024-07-17T17:38:59.098085" elapsed="0.000000"/>
</kw>
<kw name="Close Browser" owner="SeleniumLibrary">
<doc>Closes the current browser.</doc>
<status status="NOT RUN" start="2024-07-17T17:38:59.098085" elapsed="0.000000"/>
</kw>
<status status="FAIL" start="2024-07-17T17:38:50.369343" elapsed="8.728742">Execution terminated by signal</status>
</test>
<status status="FAIL" start="2024-07-17T17:38:50.175659" elapsed="8.922426"/>
</suite>
<status status="FAIL" start="2024-07-17T17:38:50.175659" elapsed="8.933077"/>
</suite>
<status status="FAIL" start="2024-07-17T17:38:50.175659" elapsed="8.934915"/>
</suite>
<status status="FAIL" start="2024-07-17T17:38:50.160018" elapsed="8.952554"/>
</suite>
<statistics>
<total>
<stat pass="0" fail="1" skip="0">All Tests</stat>
</total>
<tag>
</tag>
<suite>
<stat pass="0" fail="1" skip="0" id="s1" name="Fly">Fly</stat>
<stat pass="0" fail="1" skip="0" id="s1-s1" name="FlyToDay">Fly.FlyToDay</stat>
<stat pass="0" fail="1" skip="0" id="s1-s1-s1" name="Test">Fly.FlyToDay.Test</stat>
<stat pass="0" fail="1" skip="0" id="s1-s1-s1-s1" name="Test">Fly.FlyToDay.Test.Test</stat>
</suite>
</statistics>
<errors>
</errors>
</robot>
